{
  "RSpec": {
    "coverage": {
      "/Users/timrobinson/Desktop/Coding_Projects/Git_Projects/Makers/course/week-10/tech-tests/game-of-life/spec/board_spec.rb": [
        1,
        1,
        null,
        1,
        5,
        8,
        null,
        2,
        null,
        1,
        1,
        null,
        null,
        1,
        1,
        null,
        null,
        1,
        1,
        1,
        1,
        null,
        null,
        null,
        1,
        1,
        1,
        1,
        1,
        null,
        null,
        1,
        1,
        1,
        1,
        1,
        1,
        null,
        null,
        null,
        1,
        1,
        1,
        1,
        1,
        null,
        null,
        null,
        null,
        null,
        null,
        null,
        null,
        null,
        1,
        1,
        1,
        1,
        null,
        null,
        null,
        null,
        null,
        null,
        null,
        null,
        null,
        1,
        1,
        1,
        1,
        null,
        null,
        null,
        null,
        null,
        null,
        null,
        null,
        null,
        1,
        1,
        1,
        1,
        null,
        null,
        null,
        null,
        null,
        null,
        null,
        null,
        null,
        1,
        1,
        1,
        1,
        null,
        null,
        null,
        null,
        null,
        null,
        null,
        null,
        null,
        null,
        1,
        1,
        1,
        1,
        1,
        1,
        1,
        null,
        null,
        null,
        null,
        null,
        null,
        null,
        null,
        null,
        1,
        1,
        1,
        1,
        1,
        1,
        1,
        1,
        1,
        null,
        null,
        null,
        null,
        null,
        null,
        null,
        1,
        1,
        null,
        null,
        null,
        null,
        null,
        null,
        null,
        null,
        null,
        null
      ],
      "/Users/timrobinson/Desktop/Coding_Projects/Git_Projects/Makers/course/week-10/tech-tests/game-of-life/lib/board.rb": [
        1,
        null,
        1,
        1,
        null,
        1,
        11982,
        20,
        null,
        null,
        1,
        44,
        null,
        null,
        1,
        11,
        11,
        null,
        null,
        1,
        null,
        1,
        11,
        84,
        774,
        null,
        null,
        null,
        null,
        1,
        774,
        756,
        82,
        null,
        null
      ],
      "/Users/timrobinson/Desktop/Coding_Projects/Git_Projects/Makers/course/week-10/tech-tests/game-of-life/lib/cell_scanner.rb": [
        1,
        null,
        1,
        12,
        12,
        12,
        87,
        783,
        null,
        null,
        12,
        null,
        null,
        1,
        null,
        1,
        null,
        783,
        null,
        null,
        null,
        null,
        null,
        null,
        null,
        null,
        null,
        null,
        null,
        null,
        1,
        6264,
        6003,
        null,
        null
      ],
      "/Users/timrobinson/Desktop/Coding_Projects/Git_Projects/Makers/course/week-10/tech-tests/game-of-life/spec/helpers/shape_creation_helper.rb": [
        1,
        1,
        1,
        1,
        1,
        null,
        null,
        1,
        1,
        1,
        1,
        1,
        null,
        null,
        1,
        1,
        1,
        1,
        1,
        1,
        1,
        null,
        null,
        1,
        1,
        1,
        1,
        1,
        1,
        null,
        null,
        1,
        1,
        1,
        1,
        1,
        1,
        1,
        1,
        null
      ],
      "/Users/timrobinson/Desktop/Coding_Projects/Git_Projects/Makers/course/week-10/tech-tests/game-of-life/spec/cell_scanner_spec.rb": [
        1,
        null,
        1,
        2,
        null,
        1,
        1,
        1,
        null,
        null,
        null,
        null
      ],
      "/Users/timrobinson/Desktop/Coding_Projects/Git_Projects/Makers/course/week-10/tech-tests/game-of-life/spec/cell_spec.rb": [
        1,
        null,
        1,
        2,
        null,
        1,
        1,
        null,
        null,
        1,
        1,
        1,
        1,
        null,
        null,
        null,
        1,
        1,
        1,
        1,
        1,
        null,
        null,
        null
      ],
      "/Users/timrobinson/Desktop/Coding_Projects/Git_Projects/Makers/course/week-10/tech-tests/game-of-life/lib/cell.rb": [
        1,
        1,
        null,
        1,
        4,
        4,
        null,
        null,
        1,
        2,
        null,
        null,
        1,
        1,
        null,
        null,
        1,
        3,
        null,
        null
      ],
      "/Users/timrobinson/Desktop/Coding_Projects/Git_Projects/Makers/course/week-10/tech-tests/game-of-life/spec/game_spec.rb": [
        1,
        null,
        1,
        5,
        null,
        2,
        2,
        null,
        1,
        1,
        1,
        null,
        null,
        1,
        1,
        1,
        null,
        null,
        null,
        null,
        null,
        null,
        null,
        null,
        null,
        null,
        1,
        1,
        1,
        1,
        null,
        null,
        null,
        null,
        null,
        null,
        null,
        null,
        null,
        1,
        1,
        1,
        1,
        null,
        null,
        null,
        null,
        null,
        null,
        null,
        null,
        null,
        null,
        1,
        1,
        1,
        1,
        1,
        null,
        null,
        null,
        null,
        null,
        null,
        null,
        null,
        null,
        null
      ],
      "/Users/timrobinson/Desktop/Coding_Projects/Git_Projects/Makers/course/week-10/tech-tests/game-of-life/lib/game.rb": [
        1,
        null,
        null,
        1,
        1,
        null,
        1,
        7,
        null,
        null,
        1,
        5,
        null,
        null,
        1,
        4,
        null,
        null,
        1,
        1,
        null,
        null
      ]
    },
    "timestamp": 1497522238
  }
}
