{
  "RSpec": {
    "coverage": {
      "/Users/timrobinson/Desktop/Coding_Projects/Git_Projects/Makers/course/week-10/tech-tests/game-of-life/spec/board_spec.rb": [
        1,
        null,
        1,
        5,
        null,
        2,
        null,
        1,
        1,
        null,
        null,
        1,
        1,
        null,
        null,
        1,
        1,
        1,
        1,
        null,
        null,
        null,
        1,
        1,
        1,
        1,
        1,
        null,
        null,
        1,
        1,
        1,
        1,
        1,
        null,
        1,
        null,
        null,
        null
      ],
      "/Users/timrobinson/Desktop/Coding_Projects/Git_Projects/Makers/course/week-10/tech-tests/game-of-life/lib/board.rb": [
        1,
        1,
        null,
        1,
        11681,
        null,
        null,
        1,
        9,
        null,
        null,
        1,
        3,
        36,
        486,
        null,
        null,
        null,
        null,
        1,
        null,
        1,
        486,
        486,
        2,
        484,
        478,
        null,
        null,
        null,
        1,
        478,
        null,
        null,
        1,
        2,
        null,
        null,
        1,
        null,
        486,
        null,
        null,
        null,
        null,
        null,
        null,
        null,
        null,
        null,
        null,
        null,
        null,
        1,
        3888,
        3780,
        null,
        null,
        null
      ],
      "/Users/timrobinson/Desktop/Coding_Projects/Git_Projects/Makers/course/week-10/tech-tests/game-of-life/spec/game_spec.rb": [
        1,
        null,
        1,
        5,
        null,
        2,
        2,
        null,
        1,
        1,
        1,
        null,
        null,
        1,
        1,
        1,
        null,
        null,
        null,
        null,
        null,
        null,
        null,
        null,
        null,
        null,
        1,
        1,
        1,
        1,
        null,
        null,
        null,
        null,
        null,
        null,
        null,
        null,
        null,
        1,
        1,
        1,
        1,
        null,
        null,
        null,
        null,
        null,
        null,
        null,
        null,
        null,
        null,
        1,
        1,
        1,
        1,
        1,
        null,
        null,
        null,
        null,
        null,
        null,
        null,
        null,
        null,
        null
      ],
      "/Users/timrobinson/Desktop/Coding_Projects/Git_Projects/Makers/course/week-10/tech-tests/game-of-life/lib/game.rb": [
        1,
        null,
        null,
        1,
        1,
        null,
        1,
        7,
        null,
        null,
        1,
        5,
        null,
        null,
        1,
        4,
        null,
        null,
        1,
        1,
        null,
        null
      ]
    },
    "timestamp": 1497442188
  }
}
